<?xml version="1.0" encoding="UTF-8" ?>
<testsuite tests="22" failures="0" name="teste.TestSuite" time="185.882" errors="0" skipped="0">
  <properties>
    <property name="java.runtime.name" value="OpenJDK Runtime Environment"/>
    <property name="sun.boot.library.path" value="/usr/lib/jvm/java-8-openjdk-amd64/jre/lib/amd64"/>
    <property name="java.vm.version" value="25.171-b11"/>
    <property name="java.vm.vendor" value="Oracle Corporation"/>
    <property name="java.vendor.url" value="http://java.oracle.com/"/>
    <property name="path.separator" value=":"/>
    <property name="guice.disable.misplaced.annotation.check" value="true"/>
    <property name="java.vm.name" value="OpenJDK 64-Bit Server VM"/>
    <property name="file.encoding.pkg" value="sun.io"/>
    <property name="user.country" value="BR"/>
    <property name="sun.java.launcher" value="SUN_STANDARD"/>
    <property name="sun.os.patch.level" value="unknown"/>
    <property name="java.vm.specification.name" value="Java Virtual Machine Specification"/>
    <property name="user.dir" value="/home/bernardes/Downloads/final"/>
    <property name="java.runtime.version" value="1.8.0_171-8u171-b11-0ubuntu0.16.04.1-b11"/>
    <property name="java.awt.graphicsenv" value="sun.awt.X11GraphicsEnvironment"/>
    <property name="java.endorsed.dirs" value="/usr/lib/jvm/java-8-openjdk-amd64/jre/lib/endorsed"/>
    <property name="os.arch" value="amd64"/>
    <property name="java.io.tmpdir" value="/tmp"/>
    <property name="line.separator" value="
"/>
    <property name="java.vm.specification.vendor" value="Oracle Corporation"/>
    <property name="os.name" value="Linux"/>
    <property name="maven.ext.class.path" value="/home/bernardes/netbeans-8.2/java/maven-nblib/netbeans-eventspy.jar"/>
    <property name="classworlds.conf" value="/home/bernardes/netbeans-8.2/java/maven/bin/m2.conf"/>
    <property name="sun.jnu.encoding" value="UTF-8"/>
    <property name="java.library.path" value="/usr/lib/jvm/default-java/jre/lib/amd64:/usr/lib/jvm/default-java/jre/lib/i386::/usr/java/packages/lib/amd64:/usr/lib/x86_64-linux-gnu/jni:/lib/x86_64-linux-gnu:/usr/lib/x86_64-linux-gnu:/usr/lib/jni:/lib:/usr/lib"/>
    <property name="java.specification.name" value="Java Platform API Specification"/>
    <property name="java.class.version" value="52.0"/>
    <property name="sun.management.compiler" value="HotSpot 64-Bit Tiered Compilers"/>
    <property name="os.version" value="4.15.0-24-generic"/>
    <property name="user.home" value="/home/bernardes"/>
    <property name="user.timezone" value="America/Recife"/>
    <property name="java.awt.printerjob" value="sun.print.PSPrinterJob"/>
    <property name="file.encoding" value="UTF-8"/>
    <property name="java.specification.version" value="1.8"/>
    <property name="user.name" value="bernardes"/>
    <property name="java.class.path" value="/home/bernardes/netbeans-8.2/java/maven/boot/plexus-classworlds-2.4.jar"/>
    <property name="java.vm.specification.version" value="1.8"/>
    <property name="sun.arch.data.model" value="64"/>
    <property name="java.home" value="/usr/lib/jvm/java-8-openjdk-amd64/jre"/>
    <property name="sun.java.command" value="org.codehaus.plexus.classworlds.launcher.Launcher -Dmaven.ext.class.path=/home/bernardes/netbeans-8.2/java/maven-nblib/netbeans-eventspy.jar clean install"/>
    <property name="java.specification.vendor" value="Oracle Corporation"/>
    <property name="user.language" value="pt"/>
    <property name="awt.toolkit" value="sun.awt.X11.XToolkit"/>
    <property name="java.vm.info" value="mixed mode"/>
    <property name="java.version" value="1.8.0_171"/>
    <property name="java.ext.dirs" value="/usr/lib/jvm/java-8-openjdk-amd64/jre/lib/ext:/usr/java/packages/lib/ext"/>
    <property name="securerandom.source" value="file:/dev/./urandom"/>
    <property name="sun.boot.class.path" value="/usr/lib/jvm/java-8-openjdk-amd64/jre/lib/resources.jar:/usr/lib/jvm/java-8-openjdk-amd64/jre/lib/rt.jar:/usr/lib/jvm/java-8-openjdk-amd64/jre/lib/sunrsasign.jar:/usr/lib/jvm/java-8-openjdk-amd64/jre/lib/jsse.jar:/usr/lib/jvm/java-8-openjdk-amd64/jre/lib/jce.jar:/usr/lib/jvm/java-8-openjdk-amd64/jre/lib/charsets.jar:/usr/lib/jvm/java-8-openjdk-amd64/jre/lib/jfr.jar:/usr/lib/jvm/java-8-openjdk-amd64/jre/classes"/>
    <property name="java.vendor" value="Oracle Corporation"/>
    <property name="maven.home" value="/home/bernardes/netbeans-8.2/java/maven"/>
    <property name="file.separator" value="/"/>
    <property name="java.vendor.url.bug" value="http://bugreport.sun.com/bugreport/"/>
    <property name="sun.cpu.endian" value="little"/>
    <property name="sun.io.unicode.encoding" value="UnicodeLittle"/>
    <property name="sun.desktop" value="gnome"/>
    <property name="sun.cpu.isalist" value=""/>
  </properties>
  <testcase classname="teste.PremiumTeste" name="getPremiumsPorCartao" time="0.21"/>
  <testcase classname="teste.PremiumTeste" name="existePremium" time="0.009"/>
  <testcase classname="teste.PremiumTeste" name="getPremiumPorId" time="0.024"/>
  <testcase classname="teste.PremiumTeste" name="atualizar" time="0.211"/>
  <testcase classname="teste.ArtistaTeste" name="consultarArtistaPorTituloViaNamedQuery" time="0.036"/>
  <testcase classname="teste.ArtistaTeste" name="persistirArtista" time="0.075"/>
  <testcase classname="teste.ArtistaTeste" name="DeleteArtista" time="0.078"/>
  <testcase classname="teste.ArtistaTeste" name="consultarArtistaPorNome" time="0.003"/>
  <testcase classname="teste.ArtistaTeste" name="consultarArtistaPorPais" time="0.003"/>
  <testcase classname="teste.ArtistaTeste" name="atualizarArtista" time="0.06"/>
  <testcase classname="teste.ArtistaTeste" name="consultarArtistaPorIdViaNamedQuery" time="0.002"/>
  <testcase classname="teste.PlayListTeste" name="pegarTodasAsPlayLists" time="0.053"/>
  <testcase classname="teste.PlayListTeste" name="DeletePlaylist" time="0.059"/>
  <testcase classname="teste.PlayListTeste" name="criarPlaylist" time="0.006"/>
  <testcase classname="teste.PlayListTeste" name="consultarPlaylistPorTitulo" time="0.003"/>
  <testcase classname="teste.CartaoTeste" name="PersistCartao" time="0.031"/>
  <testcase classname="teste.CartaoTeste" name="getCartaoporBandeira" time="0.021"/>
  <testcase classname="teste.CartaoTeste" name="getCartaoPorId" time="0.005"/>
  <testcase classname="teste.CartaoTeste" name="getCartaoporNumero" time="0.003"/>
  <testcase classname="teste.MusicaTeste" name="DeleteMusica" time="0.157"/>
  <testcase classname="teste.MusicaTeste" name="consultarMusicaPorTitulo" time="0.003"/>
  <testcase classname="teste.MusicaTeste" name="atualizarMusica" time="0.041"/>
</testsuite>